<?xml version="1.0" encoding="UTF-8"?>
<!-- Generated by org.testng.reporters.JUnitReportReporter -->
<testsuite skipped="0" hostname="DESKTOP-5GI3OCP" name="com.tests.HomePageTest" tests="2" failures="0" timestamp="20 Apr 2022 20:58:04 GMT" time="26.899" errors="0">
  <testcase name="verifyHomePageTitleTest" time="12.926" classname="com.tests.HomePageTest"/>
  <testcase name="verifyAccountLinkTest" time="13.973" classname="com.tests.HomePageTest"/>
</testsuite> <!-- com.tests.HomePageTest -->
