<?xml version="1.0" encoding="UTF-8"?>
<!-- Generated by org.testng.reporters.JUnitReportReporter -->
<testsuite skipped="0" hostname="DESKTOP-5GI3OCP" name="com.tests.LoginPageTest" tests="4" failures="0" timestamp="20 Apr 2022 20:58:04 GMT" time="40.914" errors="0">
  <testcase name="verifyLoginPageTitleTest" time="7.812" classname="com.tests.LoginPageTest"/>
  <testcase name="verifySalerLinkTest" time="8.142" classname="com.tests.LoginPageTest"/>
  <testcase name="LoginBtnTest" time="12.050" classname="com.tests.LoginPageTest"/>
  <testcase name="LoginTest" time="12.910" classname="com.tests.LoginPageTest"/>
</testsuite> <!-- com.tests.LoginPageTest -->
